22:13:15.088 [main] INFO  org.testng.internal.Utils - [Utils] MethodGroupsHelper.sortMethods() took 0 ms.
22:13:15.094 [main] INFO  org.testng.internal.Utils - [Utils] MethodGroupsHelper.collectMethodsByGroup() took 0 ms.
22:13:15.094 [main] INFO  org.testng.internal.Utils - [Utils] MethodGroupsHelper.sortMethods() took 0 ms.
22:13:15.102 [main] INFO  org.testng.internal.Utils - [Utils] MethodGroupsHelper.collectMethodsByGroup() took 5 ms.
22:13:15.112 [main] INFO  org.testng.internal.Utils - [Utils] MethodGroupsHelper.sortMethods() took 9 ms.
22:13:15.114 [main] INFO  org.testng.internal.Utils - [Utils] MethodGroupsHelper.collectMethodsByGroup() took 0 ms.
22:13:15.115 [main] INFO  org.testng.internal.Utils - [Utils] MethodGroupsHelper.sortMethods() took 0 ms.
22:13:15.117 [main] INFO  org.testng.internal.Utils - [Utils] MethodGroupsHelper.collectMethodsByGroup() took 0 ms.
22:13:15.117 [main] INFO  org.testng.internal.Utils - [Utils] MethodGroupsHelper.sortMethods() took 0 ms.
22:13:15.118 [main] INFO  org.testng.internal.Utils - [Utils] MethodGroupsHelper.collectMethodsByGroup() took 0 ms.
22:13:15.118 [main] INFO  org.testng.internal.Utils - [Utils] MethodGroupsHelper.sortMethods() took 0 ms.
22:13:15.120 [main] INFO  org.testng.internal.Utils - [Utils] MethodGroupsHelper.collectMethodsByGroup() took 0 ms.
22:13:15.120 [main] INFO  org.testng.internal.Utils - [Utils] MethodGroupsHelper.sortMethods() took 0 ms.
22:13:15.120 [main] INFO  org.testng.internal.Utils - [Utils] MethodGroupsHelper.collectMethodsByGroup() took 0 ms.
22:13:15.120 [main] INFO  org.testng.internal.Utils - [Utils] MethodGroupsHelper.sortMethods() took 0 ms.
22:13:15.124 [main] INFO  org.testng.internal.Utils - [Utils] MethodGroupsHelper.collectMethodsByGroup() took 0 ms.
22:13:15.124 [main] INFO  org.testng.internal.Utils - [Utils] MethodGroupsHelper.sortMethods() took 0 ms.
22:13:15.124 [main] INFO  org.testng.internal.Utils - [Utils] MethodGroupsHelper.collectMethodsByGroup() took 0 ms.
22:13:15.124 [main] INFO  org.testng.internal.Utils - [Utils] MethodGroupsHelper.sortMethods() took 0 ms.
22:13:15.125 [main] INFO  org.testng.internal.Utils - [Utils] MethodGroupsHelper.collectMethodsByGroup() took 1 ms.
22:13:15.125 [main] INFO  org.testng.internal.Utils - [Utils] MethodGroupsHelper.sortMethods() took 0 ms.
22:13:15.127 [main] INFO  org.testng.internal.Utils - [Utils] MethodGroupsHelper.collectMethodsByGroup() took 0 ms.
22:13:15.128 [main] INFO  org.testng.internal.Utils - [Utils] MethodGroupsHelper.sortMethods() took 1 ms.
22:13:15.128 [main] INFO  org.testng.internal.Utils - [Utils] MethodGroupsHelper.collectMethodsByGroup() took 0 ms.
22:13:15.128 [main] INFO  org.testng.internal.Utils - [Utils] MethodGroupsHelper.sortMethods() took 0 ms.
22:13:15.138 [main] INFO  org.testng.internal.Utils - [TestNG] Running:
  C:\Users\Admin\AppData\Local\Temp\testng-eclipse-227829482\testng-customsuite.xml

22:13:15.158 [main] INFO  org.testng.internal.Utils - [Utils] DynamicGraphHelper.createDynamicGraph() took 4 ms.
22:13:15.360 [main] INFO  org.testng.internal.Utils - [TestNG] Time taken by org.testng.reporters.jq.Main@51e8e6e6: 83 ms
22:13:15.395 [main] INFO  org.testng.internal.Utils - [TestNG] Time taken by org.testng.reporters.FailedReporter@6b54655f: 34 ms
22:13:15.415 [main] INFO  org.testng.internal.Utils - [TestNG] Time taken by org.testng.reporters.XMLReporter@28d6290: 19 ms
22:13:15.430 [main] INFO  org.testng.internal.Utils - [TestNG] Time taken by org.testng.reporters.EmailableReporter2@34a1d21f: 14 ms
22:13:15.446 [main] INFO  org.testng.internal.Utils - [TestNG] Time taken by org.testng.reporters.JUnitReportReporter@2cb3d0f7: 16 ms
22:13:15.447 [main] INFO  org.testng.internal.Utils - [TestNG] Time taken by org.testng.internal.ExitCodeListener@4e517165: 0 ms
22:14:04.846 [main] DEBUG org.testng.TestNG - suiteXmlPath: "C:\Users\Admin\Selenium_workspace\OpenCart\master.xml"
22:14:05.168 [main] INFO  org.testng.internal.Utils - [TestNG] Running:
  C:\Users\Admin\Selenium_workspace\OpenCart\master.xml

22:16:06.294 [main] DEBUG org.testng.TestNG - suiteXmlPath: "C:\Users\Admin\Selenium_workspace\OpenCart\src\test\resources\config.properties"
22:16:27.493 [main] DEBUG org.testng.TestNG - suiteXmlPath: "C:\Users\Admin\Selenium_workspace\OpenCart\master.xml"
22:16:27.806 [main] INFO  org.testng.internal.Utils - [TestNG] Running:
  C:\Users\Admin\Selenium_workspace\OpenCart\master.xml

22:18:15.533 [main] DEBUG org.testng.TestNG - suiteXmlPath: "C:\Users\Admin\Selenium_workspace\OpenCart\master.xml"
22:18:15.850 [main] INFO  org.testng.internal.Utils - [TestNG] Running:
  C:\Users\Admin\Selenium_workspace\OpenCart\master.xml

22:18:18.376 [main] INFO  testClass.TC001_AccountRegistrationTest - -------TC001_Execution started -------
22:18:18.943 [main] INFO  testClass.TC001_AccountRegistrationTest - Clicked on MyAccount
22:18:19.369 [main] INFO  testClass.TC001_AccountRegistrationTest - Clicked on Register
